[2026-05-07T22:41:37.409Z] Plugin initialized: 12 commands [
  "add-context",
  "analyze-patterns",
  "build-context-system",
  "clean",
  "commit",
  "context",
  "optimize",
  "test",
  "validate-repo",
  "worktrees",
  "prompt-engineering\\prompt-enhancer",
  "openagents\\check-context-deps"
]
[2026-05-07T22:42:07.161Z] Registered /subtask command
[2026-05-07T22:42:29.660Z] message-hooks: ENTRY msgCount=1, sessions=ses_1fb64b20bffevG1XM6tY7BNybV
[2026-05-07T22:42:29.660Z] message-hooks: MESSAGES: [0]user: text:"Use skill(name="banking") to load projec..."
[2026-05-07T22:42:29.660Z] message-hooks: post-filter, msgCount=1
[2026-05-07T22:42:29.660Z] message-hooks: about to search for OPENCODE_GENERIC
[2026-05-07T22:42:29.660Z] message-hooks: searching 1 messages for OPENCODE_GENERIC
[2026-05-07T22:42:29.660Z] message-hooks: generic search complete, found=false, index=-1
[2026-05-07T22:42:29.660Z] message-hooks: no generic part found, checking for pending prompt return
[2026-05-07T22:42:44.090Z] message-hooks: ENTRY msgCount=2, sessions=ses_1fb64b20bffevG1XM6tY7BNybV
[2026-05-07T22:42:44.090Z] message-hooks: MESSAGES: [0]user: text:"Use skill(name="banking") to load projec..." | [1]assistant: step-start, reasoning, text:"

Using banking skill to load project kn...", tool:completed, step-finish, patch
[2026-05-07T22:42:44.090Z] message-hooks: post-filter, msgCount=2
[2026-05-07T22:42:44.090Z] message-hooks: about to search for OPENCODE_GENERIC
[2026-05-07T22:42:44.090Z] message-hooks: searching 2 messages for OPENCODE_GENERIC
[2026-05-07T22:42:44.090Z] message-hooks: generic search complete, found=false, index=-1
[2026-05-07T22:42:44.090Z] message-hooks: no generic part found, checking for pending prompt return
[2026-05-07T22:43:08.886Z] message-hooks: ENTRY msgCount=3, sessions=ses_1fb64b20bffevG1XM6tY7BNybV
[2026-05-07T22:43:08.886Z] message-hooks: MESSAGES: [0]user: text:"Use skill(name="banking") to load projec..." | [1]assistant: step-start, reasoning, text:"

Using banking skill to load project kn...", tool:completed, step-finish, patch | [2]assistant: step-start, reasoning, text:"

Now running type-check to identify err...", tool:completed, step-finish, patch
[2026-05-07T22:43:08.886Z] message-hooks: post-filter, msgCount=3
[2026-05-07T22:43:08.886Z] message-hooks: about to search for OPENCODE_GENERIC
[2026-05-07T22:43:08.886Z] message-hooks: searching 3 messages for OPENCODE_GENERIC
[2026-05-07T22:43:08.886Z] message-hooks: generic search complete, found=false, index=-1
[2026-05-07T22:43:08.886Z] message-hooks: no generic part found, checking for pending prompt return
[2026-05-07T22:43:17.336Z] message-hooks: ENTRY msgCount=4, sessions=ses_1fb64b20bffevG1XM6tY7BNybV
[2026-05-07T22:43:17.337Z] message-hooks: MESSAGES: [0]user: text:"Use skill(name="banking") to load projec..." | [1]assistant: step-start, reasoning, text:"

Using banking skill to load project kn...", tool:completed, step-finish, patch | [2]assistant: step-start, reasoning, text:"

Now running type-check to identify err...", tool:completed, step-finish, patch | [3]assistant: step-start, reasoning, text:"


", tool:completed, step-finish, patch
[2026-05-07T22:43:17.337Z] message-hooks: post-filter, msgCount=4
[2026-05-07T22:43:17.337Z] message-hooks: about to search for OPENCODE_GENERIC
[2026-05-07T22:43:17.337Z] message-hooks: searching 4 messages for OPENCODE_GENERIC
[2026-05-07T22:43:17.337Z] message-hooks: generic search complete, found=false, index=-1
[2026-05-07T22:43:17.337Z] message-hooks: no generic part found, checking for pending prompt return
[2026-05-07T22:43:26.644Z] message-hooks: ENTRY msgCount=5, sessions=ses_1fb64b20bffevG1XM6tY7BNybV
[2026-05-07T22:43:26.644Z] message-hooks: MESSAGES: [0]user: text:"Use skill(name="banking") to load projec..." | [1]assistant: step-start, reasoning, text:"

Using banking skill to load project kn...", tool:completed, step-finish, patch | [2]assistant: step-start, reasoning, text:"

Now running type-check to identify err...", tool:completed, step-finish, patch | [3]assistant: step-start, reasoning, text:"


", tool:completed, step-finish, patch | [4]assistant: step-start, reasoning, text:"


Let me check the TypeScript version t...", tool:completed, step-finish, patch
[2026-05-07T22:43:26.644Z] message-hooks: post-filter, msgCount=5
[2026-05-07T22:43:26.644Z] message-hooks: about to search for OPENCODE_GENERIC
[2026-05-07T22:43:26.644Z] message-hooks: searching 5 messages for OPENCODE_GENERIC
[2026-05-07T22:43:26.644Z] message-hooks: generic search complete, found=false, index=-1
[2026-05-07T22:43:26.644Z] message-hooks: no generic part found, checking for pending prompt return
[2026-05-07T22:43:39.858Z] message-hooks: ENTRY msgCount=6, sessions=ses_1fb64b20bffevG1XM6tY7BNybV
[2026-05-07T22:43:39.858Z] message-hooks: MESSAGES: [0]user: text:"Use skill(name="banking") to load projec..." | [1]assistant: step-start, reasoning, text:"

Using banking skill to load project kn...", tool:completed, step-finish, patch | [2]assistant: step-start, reasoning, text:"

Now running type-check to identify err...", tool:completed, step-finish, patch | [3]assistant: step-start, reasoning, text:"


", tool:completed, step-finish, patch | [4]assistant: step-start, reasoning, text:"


Let me check the TypeScript version t...", tool:completed, step-finish, patch | [5]assistant: step-start, reasoning, text:"

The `ignoreDeprecations` option has an...", tool:completed, step-finish, patch
[2026-05-07T22:43:39.858Z] message-hooks: post-filter, msgCount=6
[2026-05-07T22:43:39.858Z] message-hooks: about to search for OPENCODE_GENERIC
[2026-05-07T22:43:39.858Z] message-hooks: searching 6 messages for OPENCODE_GENERIC
[2026-05-07T22:43:39.858Z] message-hooks: generic search complete, found=false, index=-1
[2026-05-07T22:43:39.858Z] message-hooks: no generic part found, checking for pending prompt return
[2026-05-07T22:44:08.259Z] message-hooks: ENTRY msgCount=7, sessions=ses_1fb64b20bffevG1XM6tY7BNybV
[2026-05-07T22:44:08.259Z] message-hooks: MESSAGES: [0]user: text:"Use skill(name="banking") to load projec..." | [1]assistant: step-start, reasoning, text:"

Using banking skill to load project kn...", tool:completed, step-finish, patch | [2]assistant: step-start, reasoning, text:"

Now running type-check to identify err...", tool:completed, step-finish, patch | [3]assistant: step-start, reasoning, text:"


", tool:completed, step-finish, patch | [4]assistant: step-start, reasoning, text:"


Let me check the TypeScript version t...", tool:completed, step-finish, patch | [5]assistant: step-start, reasoning, text:"

The `ignoreDeprecations` option has an...", tool:completed, step-finish, patch | [6]assistant: step-start, reasoning, text:"


Now running type-check again to ident...", tool:completed, step-finish, patch
[2026-05-07T22:44:08.259Z] message-hooks: post-filter, msgCount=7
[2026-05-07T22:44:08.259Z] message-hooks: about to search for OPENCODE_GENERIC
[2026-05-07T22:44:08.259Z] message-hooks: searching 7 messages for OPENCODE_GENERIC
[2026-05-07T22:44:08.259Z] message-hooks: generic search complete, found=false, index=-1
[2026-05-07T22:44:08.259Z] message-hooks: no generic part found, checking for pending prompt return
[2026-05-07T22:44:16.452Z] message-hooks: ENTRY msgCount=8, sessions=ses_1fb64b20bffevG1XM6tY7BNybV
[2026-05-07T22:44:16.452Z] message-hooks: MESSAGES: [0]user: text:"Use skill(name="banking") to load projec..." | [1]assistant: step-start, reasoning, text:"

Using banking skill to load project kn...", tool:completed, step-finish, patch | [2]assistant: step-start, reasoning, text:"

Now running type-check to identify err...", tool:completed, step-finish, patch | [3]assistant: step-start, reasoning, text:"


", tool:completed, step-finish, patch | [4]assistant: step-start, reasoning, text:"


Let me check the TypeScript version t...", tool:completed, step-finish, patch | [5]assistant: step-start, reasoning, text:"

The `ignoreDeprecations` option has an...", tool:completed, step-finish, patch | [6]assistant: step-start, reasoning, text:"


Now running type-check again to ident...", tool:completed, step-finish, patch | [7]assistant: step-start, reasoning, text:"


Let me try with a longer timeout.

<d...", tool:completed, step-finish, patch
[2026-05-07T22:44:16.452Z] message-hooks: post-filter, msgCount=8
[2026-05-07T22:44:16.452Z] message-hooks: about to search for OPENCODE_GENERIC
[2026-05-07T22:44:16.452Z] message-hooks: searching 8 messages for OPENCODE_GENERIC
[2026-05-07T22:44:16.452Z] message-hooks: generic search complete, found=false, index=-1
[2026-05-07T22:44:16.452Z] message-hooks: no generic part found, checking for pending prompt return
[2026-05-07T22:44:36.337Z] message-hooks: ENTRY msgCount=10, sessions=ses_1fb64b20bffevG1XM6tY7BNybV
[2026-05-07T22:44:36.337Z] message-hooks: MESSAGES: [0]user: text:"Use skill(name="banking") to load projec..." | [1]assistant: step-start, reasoning, text:"

Using banking skill to load project kn...", tool:completed, step-finish, patch | [2]assistant: step-start, reasoning, text:"

Now running type-check to identify err...", tool:completed, step-finish, patch | [3]assistant: step-start, reasoning, text:"


", tool:completed, step-finish, patch | [4]assistant: step-start, reasoning, text:"


Let me check the TypeScript version t...", tool:completed, step-finish, patch | [5]assistant: step-start, reasoning, text:"

The `ignoreDeprecations` option has an...", tool:completed, step-finish, patch | [6]assistant: step-start, reasoning, text:"


Now running type-check again to ident...", tool:completed, step-finish, patch | [7]assistant: step-start, reasoning, text:"


Let me try with a longer timeout.

<d...", tool:completed, step-finish, patch | [8]assistant: step-start, reasoning, text:"



", tool:completed, step-finish, patch | [9]user: text:"<system-reminder>
The user sent the foll..."
[2026-05-07T22:44:36.337Z] message-hooks: post-filter, msgCount=10
[2026-05-07T22:44:36.337Z] message-hooks: about to search for OPENCODE_GENERIC
[2026-05-07T22:44:36.337Z] message-hooks: searching 10 messages for OPENCODE_GENERIC
[2026-05-07T22:44:36.337Z] message-hooks: generic search complete, found=false, index=-1
[2026-05-07T22:44:36.337Z] message-hooks: no generic part found, checking for pending prompt return
[2026-05-07T22:45:00.665Z] message-hooks: ENTRY msgCount=11, sessions=ses_1fb64b20bffevG1XM6tY7BNybV
[2026-05-07T22:45:00.665Z] message-hooks: MESSAGES: [0]user: text:"Use skill(name="banking") to load projec..." | [1]assistant: step-start, reasoning, text:"

Using banking skill to load project kn...", tool:completed, step-finish, patch | [2]assistant: step-start, reasoning, text:"

Now running type-check to identify err...", tool:completed, step-finish, patch | [3]assistant: step-start, reasoning, text:"


", tool:completed, step-finish, patch | [4]assistant: step-start, reasoning, text:"


Let me check the TypeScript version t...", tool:completed, step-finish, patch | [5]assistant: step-start, reasoning, text:"

The `ignoreDeprecations` option has an...", tool:completed, step-finish, patch | [6]assistant: step-start, reasoning, text:"


Now running type-check again to ident...", tool:completed, step-finish, patch | [7]assistant: step-start, reasoning, text:"


Let me try with a longer timeout.

<d...", tool:completed, step-finish, patch | [8]assistant: step-start, reasoning, text:"



", tool:completed, step-finish, patch | [9]user: text:"execute bun run type-check debug and fix..." | [10]assistant: step-start, reasoning, text:"


", tool:completed, step-finish, patch
[2026-05-07T22:45:00.666Z] message-hooks: post-filter, msgCount=11
[2026-05-07T22:45:00.666Z] message-hooks: about to search for OPENCODE_GENERIC
[2026-05-07T22:45:00.666Z] message-hooks: searching 11 messages for OPENCODE_GENERIC
[2026-05-07T22:45:00.666Z] message-hooks: generic search complete, found=false, index=-1
[2026-05-07T22:45:00.666Z] message-hooks: no generic part found, checking for pending prompt return
[2026-05-07T22:45:07.774Z] message-hooks: ENTRY msgCount=12, sessions=ses_1fb64b20bffevG1XM6tY7BNybV
[2026-05-07T22:45:07.774Z] message-hooks: MESSAGES: [0]user: text:"Use skill(name="banking") to load projec..." | [1]assistant: step-start, reasoning, text:"

Using banking skill to load project kn...", tool:completed, step-finish, patch | [2]assistant: step-start, reasoning, text:"

Now running type-check to identify err...", tool:completed, step-finish, patch | [3]assistant: step-start, reasoning, text:"


", tool:completed, step-finish, patch | [4]assistant: step-start, reasoning, text:"


Let me check the TypeScript version t...", tool:completed, step-finish, patch | [5]assistant: step-start, reasoning, text:"

The `ignoreDeprecations` option has an...", tool:completed, step-finish, patch | [6]assistant: step-start, reasoning, text:"


Now running type-check again to ident...", tool:completed, step-finish, patch | [7]assistant: step-start, reasoning, text:"


Let me try with a longer timeout.

<d...", tool:completed, step-finish, patch | [8]assistant: step-start, reasoning, text:"



", tool:completed, step-finish, patch | [9]user: text:"execute bun run type-check debug and fix..." | [10]assistant: step-start, reasoning, text:"


", tool:completed, step-finish, patch | [11]assistant: step-start, reasoning, text:"

I need to add the correct `ignoreDepre...", tool:completed, step-finish, patch
[2026-05-07T22:45:07.774Z] message-hooks: post-filter, msgCount=12
[2026-05-07T22:45:07.774Z] message-hooks: about to search for OPENCODE_GENERIC
[2026-05-07T22:45:07.774Z] message-hooks: searching 12 messages for OPENCODE_GENERIC
[2026-05-07T22:45:07.774Z] message-hooks: generic search complete, found=false, index=-1
[2026-05-07T22:45:07.774Z] message-hooks: no generic part found, checking for pending prompt return
[2026-05-07T22:45:56.523Z] message-hooks: ENTRY msgCount=13, sessions=ses_1fb64b20bffevG1XM6tY7BNybV
[2026-05-07T22:45:56.523Z] message-hooks: MESSAGES: [0]user: text:"Use skill(name="banking") to load projec..." | [1]assistant: step-start, reasoning, text:"

Using banking skill to load project kn...", tool:completed, step-finish, patch | [2]assistant: step-start, reasoning, text:"

Now running type-check to identify err...", tool:completed, step-finish, patch | [3]assistant: step-start, reasoning, text:"


", tool:completed, step-finish, patch | [4]assistant: step-start, reasoning, text:"


Let me check the TypeScript version t...", tool:completed, step-finish, patch | [5]assistant: step-start, reasoning, text:"

The `ignoreDeprecations` option has an...", tool:completed, step-finish, patch | [6]assistant: step-start, reasoning, text:"


Now running type-check again to ident...", tool:completed, step-finish, patch | [7]assistant: step-start, reasoning, text:"


Let me try with a longer timeout.

<d...", tool:completed, step-finish, patch | [8]assistant: step-start, reasoning, text:"



", tool:completed, step-finish, patch | [9]user: text:"execute bun run type-check debug and fix..." | [10]assistant: step-start, reasoning, text:"


", tool:completed, step-finish, patch | [11]assistant: step-start, reasoning, text:"

I need to add the correct `ignoreDepre...", tool:completed, step-finish, patch | [12]assistant: step-start, reasoning, text:"<dcp-system-reminder>
CRITICAL WARNING: ...", tool:completed, step-finish, patch
[2026-05-07T22:45:56.523Z] message-hooks: post-filter, msgCount=13
[2026-05-07T22:45:56.523Z] message-hooks: about to search for OPENCODE_GENERIC
[2026-05-07T22:45:56.523Z] message-hooks: searching 13 messages for OPENCODE_GENERIC
[2026-05-07T22:45:56.523Z] message-hooks: generic search complete, found=false, index=-1
[2026-05-07T22:45:56.523Z] message-hooks: no generic part found, checking for pending prompt return
[2026-05-07T22:46:07.904Z] message-hooks: ENTRY msgCount=14, sessions=ses_1fb64b20bffevG1XM6tY7BNybV
[2026-05-07T22:46:07.904Z] message-hooks: MESSAGES: [0]user: text:"Use skill(name="banking") to load projec..." | [1]assistant: step-start, reasoning, text:"

Using banking skill to load project kn...", tool:completed, step-finish, patch | [2]assistant: step-start, reasoning, text:"

Now running type-check to identify err...", tool:completed, step-finish, patch | [3]assistant: step-start, reasoning, text:"


", tool:completed, step-finish, patch | [4]assistant: step-start, reasoning, text:"


Let me check the TypeScript version t...", tool:completed, step-finish, patch | [5]assistant: step-start, reasoning, text:"

The `ignoreDeprecations` option has an...", tool:completed, step-finish, patch | [6]assistant: step-start, reasoning, text:"


Now running type-check again to ident...", tool:completed, step-finish, patch | [7]assistant: step-start, reasoning, text:"


Let me try with a longer timeout.

<d...", tool:completed, step-finish, patch | [8]assistant: step-start, reasoning, text:"



", tool:completed, step-finish, patch | [9]user: text:"execute bun run type-check debug and fix..." | [10]assistant: step-start, reasoning, text:"


", tool:completed, step-finish, patch | [11]assistant: step-start, reasoning, text:"

I need to add the correct `ignoreDepre...", tool:completed, step-finish, patch | [12]assistant: step-start, reasoning, text:"<dcp-system-reminder>
CRITICAL WARNING: ...", tool:completed, step-finish, patch | [13]assistant: step-start, reasoning, text:"


", tool:completed, step-finish, patch
[2026-05-07T22:46:07.904Z] message-hooks: post-filter, msgCount=14
[2026-05-07T22:46:07.904Z] message-hooks: about to search for OPENCODE_GENERIC
[2026-05-07T22:46:07.904Z] message-hooks: searching 14 messages for OPENCODE_GENERIC
[2026-05-07T22:46:07.904Z] message-hooks: generic search complete, found=false, index=-1
[2026-05-07T22:46:07.904Z] message-hooks: no generic part found, checking for pending prompt return
[2026-05-07T22:46:59.110Z] message-hooks: ENTRY msgCount=15, sessions=ses_1fb64b20bffevG1XM6tY7BNybV
[2026-05-07T22:46:59.110Z] message-hooks: MESSAGES: [0]user: text:"Use skill(name="banking") to load projec..." | [1]assistant: step-start, reasoning, text:"

Using banking skill to load project kn...", tool:completed, step-finish, patch | [2]assistant: step-start, reasoning, text:"

Now running type-check to identify err...", tool:completed, step-finish, patch | [3]assistant: step-start, reasoning, text:"


", tool:completed, step-finish, patch | [4]assistant: step-start, reasoning, text:"


Let me check the TypeScript version t...", tool:completed, step-finish, patch | [5]assistant: step-start, reasoning, text:"

The `ignoreDeprecations` option has an...", tool:completed, step-finish, patch | [6]assistant: step-start, reasoning, text:"


Now running type-check again to ident...", tool:completed, step-finish, patch | [7]assistant: step-start, reasoning, text:"


Let me try with a longer timeout.

<d...", tool:completed, step-finish, patch | [8]assistant: step-start, reasoning, text:"



", tool:completed, step-finish, patch | [9]user: text:"execute bun run type-check debug and fix..." | [10]assistant: step-start, reasoning, text:"


", tool:completed, step-finish, patch | [11]assistant: step-start, reasoning, text:"

I need to add the correct `ignoreDepre...", tool:completed, step-finish, patch | [12]assistant: step-start, reasoning, text:"<dcp-system-reminder>
CRITICAL WARNING: ...", tool:completed, step-finish, patch | [13]assistant: step-start, reasoning, text:"


", tool:completed, step-finish, patch | [14]assistant: step-start, reasoning, text:"

The issue is the `loader` type should ...", tool:completed, step-finish, patch
[2026-05-07T22:46:59.110Z] message-hooks: post-filter, msgCount=15
[2026-05-07T22:46:59.110Z] message-hooks: about to search for OPENCODE_GENERIC
[2026-05-07T22:46:59.110Z] message-hooks: searching 15 messages for OPENCODE_GENERIC
[2026-05-07T22:46:59.110Z] message-hooks: generic search complete, found=false, index=-1
[2026-05-07T22:46:59.110Z] message-hooks: no generic part found, checking for pending prompt return
[2026-05-07T22:47:27.262Z] message-hooks: ENTRY msgCount=16, sessions=ses_1fb64b20bffevG1XM6tY7BNybV
[2026-05-07T22:47:27.262Z] message-hooks: MESSAGES: [0]user: text:"Use skill(name="banking") to load projec..." | [1]assistant: step-start, reasoning, text:"

Using banking skill to load project kn...", tool:completed, step-finish, patch | [2]assistant: step-start, reasoning, text:"

Now running type-check to identify err...", tool:completed, step-finish, patch | [3]assistant: step-start, reasoning, text:"


", tool:completed, step-finish, patch | [4]assistant: step-start, reasoning, text:"


Let me check the TypeScript version t...", tool:completed, step-finish, patch | [5]assistant: step-start, reasoning, text:"

The `ignoreDeprecations` option has an...", tool:completed, step-finish, patch | [6]assistant: step-start, reasoning, text:"


Now running type-check again to ident...", tool:completed, step-finish, patch | [7]assistant: step-start, reasoning, text:"


Let me try with a longer timeout.

<d...", tool:completed, step-finish, patch | [8]assistant: step-start, reasoning, text:"



", tool:completed, step-finish, patch | [9]user: text:"execute bun run type-check debug and fix..." | [10]assistant: step-start, reasoning, text:"


", tool:completed, step-finish, patch | [11]assistant: step-start, reasoning, text:"

I need to add the correct `ignoreDepre...", tool:completed, step-finish, patch | [12]assistant: step-start, reasoning, text:"<dcp-system-reminder>
CRITICAL WARNING: ...", tool:completed, step-finish, patch | [13]assistant: step-start, reasoning, text:"


", tool:completed, step-finish, patch | [14]assistant: step-start, reasoning, text:"

The issue is the `loader` type should ...", tool:completed, step-finish, patch | [15]assistant: step-start, reasoning, text:"


", tool:completed, step-finish, patch
[2026-05-07T22:47:27.263Z] message-hooks: post-filter, msgCount=16
[2026-05-07T22:47:27.263Z] message-hooks: about to search for OPENCODE_GENERIC
[2026-05-07T22:47:27.263Z] message-hooks: searching 16 messages for OPENCODE_GENERIC
[2026-05-07T22:47:27.263Z] message-hooks: generic search complete, found=false, index=-1
[2026-05-07T22:47:27.263Z] message-hooks: no generic part found, checking for pending prompt return
[2026-05-07T22:47:36.929Z] message-hooks: ENTRY msgCount=17, sessions=ses_1fb64b20bffevG1XM6tY7BNybV
[2026-05-07T22:47:36.929Z] message-hooks: MESSAGES: [0]user: text:"Use skill(name="banking") to load projec..." | [1]assistant: step-start, reasoning, text:"

Using banking skill to load project kn...", tool:completed, step-finish, patch | [2]assistant: step-start, reasoning, text:"

Now running type-check to identify err...", tool:completed, step-finish, patch | [3]assistant: step-start, reasoning, text:"


", tool:completed, step-finish, patch | [4]assistant: step-start, reasoning, text:"


Let me check the TypeScript version t...", tool:completed, step-finish, patch | [5]assistant: step-start, reasoning, text:"

The `ignoreDeprecations` option has an...", tool:completed, step-finish, patch | [6]assistant: step-start, reasoning, text:"


Now running type-check again to ident...", tool:completed, step-finish, patch | [7]assistant: step-start, reasoning, text:"


Let me try with a longer timeout.

<d...", tool:completed, step-finish, patch | [8]assistant: step-start, reasoning, text:"



", tool:completed, step-finish, patch | [9]user: text:"execute bun run type-check debug and fix..." | [10]assistant: step-start, reasoning, text:"


", tool:completed, step-finish, patch | [11]assistant: step-start, reasoning, text:"

I need to add the correct `ignoreDepre...", tool:completed, step-finish, patch | [12]assistant: step-start, reasoning, text:"<dcp-system-reminder>
CRITICAL WARNING: ...", tool:completed, step-finish, patch | [13]assistant: step-start, reasoning, text:"


", tool:completed, step-finish, patch | [14]assistant: step-start, reasoning, text:"

The issue is the `loader` type should ...", tool:completed, step-finish, patch | [15]assistant: step-start, reasoning, text:"


", tool:completed, step-finish, patch | [16]assistant: step-start, reasoning, text:"


The type annotation is too restrictiv...", tool:completed, step-finish, patch
[2026-05-07T22:47:36.929Z] message-hooks: post-filter, msgCount=17
[2026-05-07T22:47:36.929Z] message-hooks: about to search for OPENCODE_GENERIC
[2026-05-07T22:47:36.929Z] message-hooks: searching 17 messages for OPENCODE_GENERIC
[2026-05-07T22:47:36.929Z] message-hooks: generic search complete, found=false, index=-1
[2026-05-07T22:47:36.929Z] message-hooks: no generic part found, checking for pending prompt return
[2026-05-07T22:47:48.374Z] message-hooks: ENTRY msgCount=18, sessions=ses_1fb64b20bffevG1XM6tY7BNybV
[2026-05-07T22:47:48.374Z] message-hooks: MESSAGES: [0]user: text:"Use skill(name="banking") to load projec..." | [1]assistant: step-start, reasoning, text:"

Using banking skill to load project kn...", tool:completed, step-finish, patch | [2]assistant: step-start, reasoning, text:"

Now running type-check to identify err...", tool:completed, step-finish, patch | [3]assistant: step-start, reasoning, text:"


", tool:completed, step-finish, patch | [4]assistant: step-start, reasoning, text:"


Let me check the TypeScript version t...", tool:completed, step-finish, patch | [5]assistant: step-start, reasoning, text:"

The `ignoreDeprecations` option has an...", tool:completed, step-finish, patch | [6]assistant: step-start, reasoning, text:"


Now running type-check again to ident...", tool:completed, step-finish, patch | [7]assistant: step-start, reasoning, text:"


Let me try with a longer timeout.

<d...", tool:completed, step-finish, patch | [8]assistant: step-start, reasoning, text:"



", tool:completed, step-finish, patch | [9]user: text:"execute bun run type-check debug and fix..." | [10]assistant: step-start, reasoning, text:"


", tool:completed, step-finish, patch | [11]assistant: step-start, reasoning, text:"

I need to add the correct `ignoreDepre...", tool:completed, step-finish, patch | [12]assistant: step-start, reasoning, text:"<dcp-system-reminder>
CRITICAL WARNING: ...", tool:completed, step-finish, patch | [13]assistant: step-start, reasoning, text:"


", tool:completed, step-finish, patch | [14]assistant: step-start, reasoning, text:"

The issue is the `loader` type should ...", tool:completed, step-finish, patch | [15]assistant: step-start, reasoning, text:"


", tool:completed, step-finish, patch | [16]assistant: step-start, reasoning, text:"


The type annotation is too restrictiv...", tool:completed, step-finish, patch | [17]assistant: step-start, reasoning, text:"

The build param needs a type. Let me i...", tool:completed, step-finish, patch
[2026-05-07T22:47:48.374Z] message-hooks: post-filter, msgCount=18
[2026-05-07T22:47:48.374Z] message-hooks: about to search for OPENCODE_GENERIC
[2026-05-07T22:47:48.374Z] message-hooks: searching 18 messages for OPENCODE_GENERIC
[2026-05-07T22:47:48.374Z] message-hooks: generic search complete, found=false, index=-1
[2026-05-07T22:47:48.374Z] message-hooks: no generic part found, checking for pending prompt return
[2026-05-07T22:47:56.821Z] session.idle: sessionID=ses_1fb64b20bffevG1XM6tY7BNybV
[2026-05-07T22:48:10.076Z] message-hooks: ENTRY msgCount=3, sessions=ses_1fb64b20bffevG1XM6tY7BNybV
[2026-05-07T22:48:10.076Z] message-hooks: MESSAGES: [0]user: compaction, text:"
<dcp-message-id>m0001</dcp-message-id>" | [1]assistant: step-start, reasoning, text:"

# Session Summary

## Goal
Debug and f...", step-finish | [2]user: text:"Context was compacted. Continue from whe..."
[2026-05-07T22:48:10.076Z] message-hooks: post-filter, msgCount=3
[2026-05-07T22:48:10.076Z] message-hooks: about to search for OPENCODE_GENERIC
[2026-05-07T22:48:10.076Z] message-hooks: searching 3 messages for OPENCODE_GENERIC
[2026-05-07T22:48:10.076Z] message-hooks: generic search complete, found=false, index=-1
[2026-05-07T22:48:10.076Z] message-hooks: no generic part found, checking for pending prompt return
[2026-05-07T22:48:38.990Z] message-hooks: ENTRY msgCount=4, sessions=ses_1fb64b20bffevG1XM6tY7BNybV
[2026-05-07T22:48:38.990Z] message-hooks: MESSAGES: [0]user: compaction, text:"
<dcp-message-id>m0001</dcp-message-id>" | [1]assistant: step-start, reasoning, text:"

# Session Summary

## Goal
Debug and f...", step-finish | [2]user: text:"Context was compacted. Continue from whe..." | [3]assistant: step-start, reasoning, text:"

I'll continue by running the type-chec...", tool:completed, step-finish, patch
[2026-05-07T22:48:38.990Z] message-hooks: post-filter, msgCount=4
[2026-05-07T22:48:38.990Z] message-hooks: about to search for OPENCODE_GENERIC
[2026-05-07T22:48:38.990Z] message-hooks: searching 4 messages for OPENCODE_GENERIC
[2026-05-07T22:48:38.990Z] message-hooks: generic search complete, found=false, index=-1
[2026-05-07T22:48:38.990Z] message-hooks: no generic part found, checking for pending prompt return
[2026-05-07T22:48:47.229Z] message-hooks: ENTRY msgCount=5, sessions=ses_1fb64b20bffevG1XM6tY7BNybV
[2026-05-07T22:48:47.229Z] message-hooks: MESSAGES: [0]user: compaction, text:"
<dcp-message-id>m0001</dcp-message-id>" | [1]assistant: step-start, reasoning, text:"

# Session Summary

## Goal
Debug and f...", step-finish | [2]user: text:"Context was compacted. Continue from whe..." | [3]assistant: step-start, reasoning, text:"

I'll continue by running the type-chec...", tool:completed, step-finish, patch | [4]assistant: step-start, reasoning, text:"


", tool:completed, step-finish, patch
[2026-05-07T22:48:47.229Z] message-hooks: post-filter, msgCount=5
[2026-05-07T22:48:47.229Z] message-hooks: about to search for OPENCODE_GENERIC
[2026-05-07T22:48:47.229Z] message-hooks: searching 5 messages for OPENCODE_GENERIC
[2026-05-07T22:48:47.229Z] message-hooks: generic search complete, found=false, index=-1
[2026-05-07T22:48:47.229Z] message-hooks: no generic part found, checking for pending prompt return
[2026-05-07T22:49:09.906Z] message-hooks: ENTRY msgCount=6, sessions=ses_1fb64b20bffevG1XM6tY7BNybV
[2026-05-07T22:49:09.906Z] message-hooks: MESSAGES: [0]user: compaction, text:"
<dcp-message-id>m0001</dcp-message-id>" | [1]assistant: step-start, reasoning, text:"

# Session Summary

## Goal
Debug and f...", step-finish | [2]user: text:"Context was compacted. Continue from whe..." | [3]assistant: step-start, reasoning, text:"

I'll continue by running the type-chec...", tool:completed, step-finish, patch | [4]assistant: step-start, reasoning, text:"


", tool:completed, step-finish, patch | [5]assistant: step-start, reasoning, text:"


Let me try a different approach:

", tool:completed, step-finish, patch
[2026-05-07T22:49:09.907Z] message-hooks: post-filter, msgCount=6
[2026-05-07T22:49:09.907Z] message-hooks: about to search for OPENCODE_GENERIC
[2026-05-07T22:49:09.907Z] message-hooks: searching 6 messages for OPENCODE_GENERIC
[2026-05-07T22:49:09.907Z] message-hooks: generic search complete, found=false, index=-1
[2026-05-07T22:49:09.907Z] message-hooks: no generic part found, checking for pending prompt return
[2026-05-07T22:49:33.230Z] message-hooks: ENTRY msgCount=7, sessions=ses_1fb64b20bffevG1XM6tY7BNybV
[2026-05-07T22:49:33.230Z] message-hooks: MESSAGES: [0]user: compaction, text:"
<dcp-message-id>m0001</dcp-message-id>" | [1]assistant: step-start, reasoning, text:"

# Session Summary

## Goal
Debug and f...", step-finish | [2]user: text:"Context was compacted. Continue from whe..." | [3]assistant: step-start, reasoning, text:"

I'll continue by running the type-chec...", tool:completed, step-finish, patch | [4]assistant: step-start, reasoning, text:"


", tool:completed, step-finish, patch | [5]assistant: step-start, reasoning, text:"


Let me try a different approach:

", tool:completed, step-finish, patch | [6]assistant: step-start, reasoning, text:"


It seems the type-check passed (no er...", tool:completed, step-finish, patch
[2026-05-07T22:49:33.230Z] message-hooks: post-filter, msgCount=7
[2026-05-07T22:49:33.230Z] message-hooks: about to search for OPENCODE_GENERIC
[2026-05-07T22:49:33.230Z] message-hooks: searching 7 messages for OPENCODE_GENERIC
[2026-05-07T22:49:33.230Z] message-hooks: generic search complete, found=false, index=-1
[2026-05-07T22:49:33.230Z] message-hooks: no generic part found, checking for pending prompt return
[2026-05-07T22:49:39.456Z] message-hooks: ENTRY msgCount=8, sessions=ses_1fb64b20bffevG1XM6tY7BNybV
[2026-05-07T22:49:39.456Z] message-hooks: MESSAGES: [0]user: compaction, text:"
<dcp-message-id>m0001</dcp-message-id>" | [1]assistant: step-start, reasoning, text:"

# Session Summary

## Goal
Debug and f...", step-finish | [2]user: text:"Context was compacted. Continue from whe..." | [3]assistant: step-start, reasoning, text:"

I'll continue by running the type-chec...", tool:completed, step-finish, patch | [4]assistant: step-start, reasoning, text:"


", tool:completed, step-finish, patch | [5]assistant: step-start, reasoning, text:"


Let me try a different approach:

", tool:completed, step-finish, patch | [6]assistant: step-start, reasoning, text:"


It seems the type-check passed (no er...", tool:completed, step-finish, patch | [7]assistant: step-start, reasoning, text:"

The type-check now passes with exit co...", tool:completed, step-finish, patch
[2026-05-07T22:49:39.456Z] message-hooks: post-filter, msgCount=8
[2026-05-07T22:49:39.456Z] message-hooks: about to search for OPENCODE_GENERIC
[2026-05-07T22:49:39.456Z] message-hooks: searching 8 messages for OPENCODE_GENERIC
[2026-05-07T22:49:39.456Z] message-hooks: generic search complete, found=false, index=-1
[2026-05-07T22:49:39.456Z] message-hooks: no generic part found, checking for pending prompt return
[2026-05-07T22:49:46.103Z] session.idle: sessionID=ses_1fb64b20bffevG1XM6tY7BNybV
