
> banking@0.1.0 prebuild:debug
> npm run clean && npm run type-check


> banking@0.1.0 clean
> rimraf .next out dist build .turbo coverage .react-email playwright-report test-results nul


> banking@0.1.0 type-check
> tsc --noEmit --pretty


> banking@0.1.0 build:debug
> cross-env NODE_OPTIONS='--max-old-space-size=4096' ./node_modules/next/dist/bin/next build --debug-prerender

⚠ Prerendering is running in debug mode with NODE_ENV='development'. This will affect performance and should not be used for production.
⚠ Warning: Next.js inferred your workspace root, but it may not be correct.
 We detected multiple lockfiles and selected the directory of C:\Users\Alexa\package-lock.json as the root directory.
 To silence this warning, set `turbopack.root` in your Next.js config, or consider removing one of the lockfiles if it's not needed.
   See https://nextjs.org/docs/app/api-reference/config/next-config-js/turbopack#root-directory for more information.
 Detected additional lockfiles: 
   * C:\Users\Alexa\Desktop\SandBox\Banking\package-lock.json

▲ Next.js 16.2.2 (Turbopack)
- Environments: .env.local
- Experiments (use with caution):
  ✓ allowDevelopmentBuild (enabled by `--debug-prerender`)
  · optimizePackageImports
  ⨯ prerenderEarlyExit (disabled by `--debug-prerender`)
  · serverActions
  ✓ serverSourceMaps (enabled by `--debug-prerender`)
  · staleTimes
  ⨯ turbopackMinify (disabled by `--debug-prerender`)
  ✓ typedEnv

  Creating an optimized production build ...

[2m[4847.30ms][22m [@tailwindcss/postcss] app\globals.css
[2m[   0.41ms][22m  [2m ↳ [22mQuick bail check
[2m[1039.82ms][22m  [2m ↳ [22mSetup compiler
[2m[   3.22ms][22m    [2m ↳ [22mPostCSS AST -> Tailwind CSS AST
[2m[1036.41ms][22m    [2m ↳ [22mCreate compiler
[2m[   0.57ms][22m  [2m ↳ [22mRegister full rebuild paths
[2m[  51.66ms][22m  [2m ↳ [22mSetup scanner
[2m[2619.40ms][22m  [2m ↳ [22mScan for candidates
[2m[ 595.50ms][22m  [2m ↳ [22mRegister dependency messages
[2m[ 446.59ms][22m  [2m ↳ [22mBuild utilities
[2m[  51.18ms][22m  [2m ↳ [22mTransform Tailwind CSS AST into PostCSS AST
[2m[  40.10ms][22m  [2m ↳ [22mUpdate PostCSS AST

✓ Compiled successfully in 26.9s
  Running TypeScript ...
  Finished TypeScript in 41s ...
  Collecting page data using 7 workers ...
  Generating static pages using 7 workers (0/13) ...
  Generating static pages using 7 workers (3/13) 
  Generating static pages using 7 workers (6/13) 
  Generating static pages using 7 workers (9/13) 
✓ Generating static pages using 7 workers (13/13) in 6.4s
  Finalizing page optimization ...

Route (app)
┌ ƒ /
├ ƒ /_not-found
├ ƒ /admin
├ ƒ /api/auth/[...nextauth]
├ ƒ /api/dwolla/webhook
├ ƒ /api/health
├ ƒ /dashboard
├ ƒ /my-wallets
├ ƒ /payment-transfer
├ ƒ /settings
├ ƒ /sign-in
├ ƒ /sign-up
└ ƒ /transaction-history


ƒ Proxy (Middleware)

ƒ  (Dynamic)  server-rendered on demand

