--progress is a global compose flag, better use `docker compose --progress xx build ...
time="2026-04-19T10:06:47+01:00" level=warning msg="The \"DOMAIN\" variable is not set. Defaulting to a blank string."
time="2026-04-19T10:06:47+01:00" level=warning msg="The \"DOMAIN\" variable is not set. Defaulting to a blank string."
time="2026-04-19T10:06:47+01:00" level=warning msg="The \"DOMAIN\" variable is not set. Defaulting to a blank string."
time="2026-04-19T10:06:47+01:00" level=warning msg="The \"DOMAIN\" variable is not set. Defaulting to a blank string."
 Image banking-app Building 
#1 [internal] load local bake definitions
#1 reading from stdin 802B done
#1 DONE 0.0s

#2 [internal] load build definition from Dockerfile
#2 transferring dockerfile:
#2 transferring dockerfile: 4.22kB 0.0s done
#2 DONE 0.2s

#3 resolve image config for docker-image://docker.io/docker/dockerfile:1.4
#3 ...

#4 [auth] docker/dockerfile:pull token for registry-1.docker.io
#4 DONE 0.0s

#3 resolve image config for docker-image://docker.io/docker/dockerfile:1.4
#3 DONE 7.2s

#5 docker-image://docker.io/docker/dockerfile:1.4@sha256:9ba7531bd80fb0a858632727cf7a112fbfd19b17e94c4e84ced81e24ef1a0dbc
#5 resolve docker.io/docker/dockerfile:1.4@sha256:9ba7531bd80fb0a858632727cf7a112fbfd19b17e94c4e84ced81e24ef1a0dbc 0.1s done
#5 CACHED

#6 [internal] load .dockerignore
#6 transferring context: 793B 0.0s done
#6 DONE 0.1s

#7 [internal] load metadata for docker.io/library/node:22-slim
#7 ...

#8 [auth] library/node:pull token for registry-1.docker.io
#8 DONE 0.0s

#7 [internal] load metadata for docker.io/library/node:22-slim
#7 DONE 2.5s

#9 [internal] load build context
#9 ...

#10 [builder 2/8] WORKDIR /app
#10 CACHED

#11 [builder 1/8] FROM docker.io/library/node:22-slim@sha256:f3a68cf41a855d227d1b0ab832bed9749469ef38cf4f58182fb8c893bc462383
#11 resolve docker.io/library/node:22-slim@sha256:f3a68cf41a855d227d1b0ab832bed9749469ef38cf4f58182fb8c893bc462383 0.0s done
#11 CACHED

#9 [internal] load build context
#9 transferring context: 914.62kB 2.2s done
#9 DONE 2.5s

#12 [production 2/9] RUN groupadd -r app && useradd -r -g app app
#12 ...

#13 [builder 3/8] COPY package.json package-lock.json ./
#13 DONE 0.1s

#12 [production 2/9] RUN groupadd -r app && useradd -r -g app app
#12 DONE 2.8s

#14 [production 3/9] WORKDIR /app
#14 DONE 0.2s

#15 [builder 4/8] RUN --mount=type=cache,target=/root/.npm     npm ci --legacy-peer-deps --no-audit --progress=false --ignore-scripts &&     npm cache clean --force
#15 26.44 npm warn deprecated node-domexception@1.0.0: Use your platform's native DOMException instead
#15 35.56 npm warn deprecated tar@7.5.7: Old versions of tar are not supported, and contain widely publicized security vulnerabilities, which have been fixed in the current version. Please update. Support for old versions may be purchased (at exorbitant rates) by contacting i@izs.me
#15 57.04 npm warn deprecated boolean@3.2.0: Package no longer supported. Contact Support at https://www.npmjs.com/support for more info.
#15 67.70 npm warn deprecated @esbuild-kit/esm-loader@2.6.5: Merged into tsx: https://tsx.is
#15 67.91 npm warn deprecated @esbuild-kit/core-utils@3.3.2: Merged into tsx: https://tsx.is
